<?xml version="1.0" encoding="UTF-8"?>
<!-- Generated by org.testng.reporters.JUnitReportReporter -->
<testsuite hostname="LAPTOP-BKP9G1P2" failures="0" tests="1" name="Assignments_daily.Test_assignment_3" time="10.889" errors="0" timestamp="2023-05-18T10:27:51 IST" skipped="0">
  <testcase classname="Assignments_daily.Test_assignment_3" name="facebookSignUp" time="10.889"/>
  <system-out/>
</testsuite> <!-- Assignments_daily.Test_assignment_3 -->
